3.666159510612487793e-01 9.617556929588317871e-01 3.468378782272338867e-01 -1.563972681760787964e-01
4.974344372749328613e-02 -1.792055368423461914e-02 -1.265999197959899902e+00 3.050465881824493408e-01
-3.021299839019775391e-03 3.408150672912597656e-01 -1.240156054496765137e+00 2.451308369636535645e-01
-1.981209516525268555e+00 1.356933951377868652e+00 -8.864748477935791016e-01 -5.194044113159179688e-01
-2.276103198528289795e-01 6.546449065208435059e-01 -1.049241662025451660e+00 9.209985285997390747e-02
8.511911034584045410e-01 8.008892536163330078e-01 3.774233460426330566e-01 -5.141823552548885345e-03
6.581336259841918945e-01 8.158767223358154297e-01 1.005797982215881348e-01 2.401467412710189819e-02
-1.043728291988372803e-01 4.738731384277343750e-01 -1.150432825088500977e+00 1.713421046733856201e-01
-1.693830251693725586e+00 1.664778709411621094e+00 1.135399937629699707e-01 -7.382065653800964355e-01
-1.535965442657470703e+00 1.384982943534851074e+00 -2.256333827972412109e-02 -6.450641155242919922e-01
-1.698486089706420898e+00 -4.052872657775878906e-01 -1.523423433303833008e+00 -1.492331773042678833e-01
8.695197701454162598e-01 -5.189695358276367188e-01 -1.336338043212890625e+00 5.860723257064819336e-01
-1.089430153369903564e-01 1.405529618263244629e+00 2.743389010429382324e-01 -3.114261925220489502e-01
9.483340382575988770e-01 -1.538844943046569824e+00 -1.409054040908813477e+00 6.876310110092163086e-01
9.404792189598083496e-01 -2.009513378143310547e+00 -1.358643770217895508e+00 6.926050186157226562e-01
-1.878009080886840820e+00 1.514794468879699707e+00 -7.649850845336914062e-02 -7.319835424423217773e-01
1.272332906723022461e+00 -2.024503707885742188e+00 -1.377032160758972168e+00 7.873560190200805664e-01
7.743126153945922852e-02 5.821514129638671875e-01 -8.539129495620727539e-01 1.551383584737777710e-01
1.437138617038726807e-01 1.303494274616241455e-01 -1.120941758155822754e+00 2.759730815887451172e-01
-1.794222831726074219e+00 1.552550077438354492e+00 -3.807049989700317383e-02 -7.228472232818603516e-01
-1.289534568786621094e+00 -1.056989580392837524e-01 -3.790370523929595947e-01 -4.197515547275543213e-01
-2.125661611557006836e+00 1.182988286018371582e+00 -9.189429283142089844e-01 -5.430089831352233887e-01
-2.212962508201599121e-02 9.782754629850387573e-02 -1.208177089691162109e+00 2.522196173667907715e-01
1.064953327178955078e+00 -1.199559807777404785e+00 -4.346914291381835938e-01 3.879838287830352783e-01
3.754750490188598633e-01 1.169909834861755371e+00 6.190652251243591309e-01 -2.531527876853942871e-01
2.369108796119689941e-01 -6.021861732006072998e-02 -1.411795139312744141e+00 4.077642261981964111e-01
-1.334329605102539062e+00 -2.042616754770278931e-01 -4.413414299488067627e-01 -4.264045059680938721e-01
-1.664694070816040039e+00 1.736804842948913574e+00 2.977627515792846680e-01 -7.894155383110046387e-01
-1.979478120803833008e+00 8.709703087806701660e-01 -1.233165740966796875e+00 -3.949318528175354004e-01
-1.911597251892089844e+00 1.868615984916687012e+00 1.721110939979553223e-01 -8.449993729591369629e-01
-1.047578334808349609e+00 -1.044569492340087891e+00 -1.624531745910644531e+00 1.160932406783103943e-01
1.344590902328491211e+00 -2.348176002502441406e+00 -1.535522460937500000e+00 8.799897432327270508e-01
1.258196353912353516e+00 -1.533078312873840332e+00 -5.609989762306213379e-01 4.996061027050018311e-01
-2.122935533523559570e+00 1.111565351486206055e+00 -1.134022951126098633e+00 -4.777573943138122559e-01
-5.978025197982788086e-01 -1.070909380912780762e+00 -6.964045166969299316e-01 -8.634217828512191772e-02
-1.002617120742797852e+00 -8.792659044265747070e-01 -1.429103374481201172e+00 6.411312520503997803e-02
-1.847284078598022461e+00 1.105843663215637207e+00 -9.803469181060791016e-01 -4.466191530227661133e-01
-1.001742005348205566e+00 -6.838029026985168457e-01 -6.654074192047119141e-01 -2.370048612356185913e-01
-1.564296960830688477e+00 1.542902112007141113e+00 3.752380609512329102e-02 -6.798111200332641602e-01
4.157314896583557129e-01 2.177768051624298096e-01 -1.179916858673095703e+00 3.687026500701904297e-01
-1.907232046127319336e+00 1.053055405616760254e+00 -1.034491658210754395e+00 -4.429314136505126953e-01
-5.715291500091552734e-01 -9.083365201950073242e-01 -6.282534599304199219e-01 -8.887368440628051758e-02
-1.506999254226684570e+00 1.704429745674133301e+00 1.458694338798522949e-01 -6.997532844543457031e-01
2.318481504917144775e-01 4.464047551155090332e-01 -1.089713335037231445e+00 2.643615305423736572e-01
7.557973265647888184e-01 3.352674841880798340e-01 -9.125471115112304688e-02 1.260110288858413696e-01
-1.748812198638916016e+00 1.316651463508605957e+00 -1.556529402732849121e-01 -6.625960469245910645e-01
1.129201412200927734e+00 -1.458671689033508301e+00 -5.238994359970092773e-01 4.262768924236297607e-01
1.216184854507446289e+00 -1.970094799995422363e+00 -1.095012307167053223e+00 6.726228594779968262e-01
-7.979876995086669922e-01 -1.227710366249084473e+00 -1.668200254440307617e+00 2.235780209302902222e-01
-2.460095286369323730e-02 1.227428913116455078e+00 4.180170893669128418e-01 -3.165127336978912354e-01
8.975014090538024902e-03 2.779595255851745605e-01 -8.925270438194274902e-01 1.363702714443206787e-01
-1.593661069869995117e+00 1.746028304100036621e+00 9.495466947555541992e-02 -7.094252109527587891e-01
-1.127084016799926758e+00 -1.126291155815124512e+00 -1.512105107307434082e+00 5.289001017808914185e-02
-1.842388153076171875e+00 1.415517210960388184e+00 -2.959352731704711914e-02 -7.364946007728576660e-01
-1.867420434951782227e+00 1.130871891975402832e+00 -1.064550995826721191e+00 -4.249640703201293945e-01
-7.161142230033874512e-01 -1.493462324142456055e+00 -1.582980990409851074e+00 2.246346622705459595e-01
1.158916950225830078e+00 -2.166922569274902344e+00 -1.512275934219360352e+00 8.182003498077392578e-01
-2.076852560043334961e+00 1.058305263519287109e+00 -1.031730651855468750e+00 -4.874972701072692871e-01
-1.560410022735595703e+00 -5.641069412231445312e-01 -1.308876752853393555e+00 -1.766992956399917603e-01
-7.735575437545776367e-01 -8.046439290046691895e-01 -7.024018168449401855e-01 -1.437028199434280396e-01
7.846962809562683105e-01 6.970962285995483398e-01 6.981050968170166016e-02 8.406435698270797729e-02
-1.967458248138427734e+00 1.293391942977905273e+00 -9.573875069618225098e-01 -5.071336030960083008e-01
-6.095092296600341797e-01 -1.452237486839294434e+00 -1.645348310470581055e+00 2.781397700309753418e-01
-1.280661582946777344e+00 5.611492693424224854e-02 -2.065604329109191895e-01 -4.831677377223968506e-01
-1.030124664306640625e+00 -1.160657286643981934e+00 -1.632302761077880859e+00 1.308099031448364258e-01
-5.018601417541503906e-01 -1.020484447479248047e+00 -5.227459669113159180e-01 -1.077733486890792847e-01
9.470963478088378906e-02 3.976202011108398438e-01 -9.544779658317565918e-01 1.953178495168685913e-01
1.096664667129516602e+00 -1.438042759895324707e+00 -4.503584504127502441e-01 3.981288373470306396e-01
-3.320484757423400879e-01 -1.659776329994201660e+00 -1.799966335296630859e+00 4.430411159992218018e-01
8.410758376121520996e-01 -1.457631230354309082e+00 -7.371529340744018555e-01 4.291239976882934570e-01
-1.376435518264770508e+00 3.825722634792327881e-02 -4.464576244354248047e-01 -4.321416318416595459e-01
1.064052820205688477e+00 -2.522580862045288086e+00 -1.664661407470703125e+00 8.404099941253662109e-01
-1.197128057479858398e+00 -7.564394474029541016e-01 -1.529355406761169434e+00 3.166434913873672485e-02
2.513203322887420654e-01 6.315101981163024902e-01 -8.927987813949584961e-01 1.945090889930725098e-01
1.476796150207519531e+00 -2.288725852966308594e+00 -1.534680128097534180e+00 9.108033180236816406e-01
1.175045490264892578e+00 -1.737006306648254395e+00 -1.056898117065429688e+00 6.393292546272277832e-01
-6.136973500251770020e-01 -1.801259398460388184e+00 -1.663119792938232422e+00 2.822399437427520752e-01
-9.207202792167663574e-01 -6.553286910057067871e-01 -7.598813176155090332e-01 -1.695218831300735474e-01
-1.251292467117309570e+00 -7.086517810821533203e-01 -1.425402641296386719e+00 -2.144014835357666016e-02
1.580983877182006836e+00 -1.691874384880065918e+00 -7.629598975181579590e-01 6.723231673240661621e-01
-1.808996677398681641e+00 1.623813271522521973e+00 9.024608135223388672e-02 -7.721896767616271973e-01
6.566440463066101074e-01 6.688350439071655273e-01 -2.464574575424194336e-02 4.878444969654083252e-02
-8.099879622459411621e-01 -1.192757725715637207e+00 -1.561544656753540039e+00 1.758312284946441650e-01
1.346279382705688477e+00 -1.499295115470886230e+00 -2.680451273918151855e-01 4.506813585758209229e-01
1.080515623092651367e+00 -1.341086268424987793e+00 -6.157234907150268555e-01 4.532700479030609131e-01
2.697263062000274658e-01 9.241743087768554688e-01 2.378116846084594727e-01 -1.489039510488510132e-01
-1.704530954360961914e+00 1.356158375740051270e+00 -4.227632284164428711e-02 -6.853282451629638672e-01
7.505846619606018066e-01 -1.126943230628967285e+00 -5.720123052597045898e-01 3.328666687011718750e-01
1.111761093139648438e+00 -2.078313112258911133e+00 -1.509568452835083008e+00 7.925534844398498535e-01
-1.350860595703125000e+00 -8.854781389236450195e-01 -1.527348637580871582e+00 -2.287492901086807251e-02
9.636545777320861816e-01 6.274185180664062500e-01 1.771131157875061035e-01 1.015673577785491943e-01
3.638210892677307129e-01 1.502411603927612305e+00 7.880995869636535645e-01 -3.203322887420654297e-01
-5.979469418525695801e-02 7.363367676734924316e-01 1.249329447746276855e-01 -2.178487479686737061e-01
1.397713899612426758e+00 -2.652406692504882812e+00 -1.616881847381591797e+00 9.283319711685180664e-01
-1.568440794944763184e-01 5.104997158050537109e-01 -2.331821024417877197e-01 -1.183017566800117493e-01
2.770304977893829346e-01 1.444974839687347412e-01 -1.090731263160705566e+00 3.112778663635253906e-01
6.098341345787048340e-01 1.079756259918212891e+00 4.671983122825622559e-01 -1.306790858507156372e-01
-1.598426401615142822e-01 8.934229612350463867e-01 1.789559721946716309e-01 -2.749802172183990479e-01
-1.831881552934646606e-01 1.242081880569458008e+00 1.173889636993408203e-01 -2.622675001621246338e-01
-7.952987551689147949e-01 -4.231580495834350586e-01 -2.639991044998168945e-01 -2.971315085887908936e-01
-1.186628937721252441e+00 -7.118831872940063477e-01 -1.492515087127685547e+00 2.190716564655303955e-02
-2.472379922866821289e+00 1.202979564666748047e+00 -9.802123308181762695e-01 -6.390354037284851074e-01
2.457343637943267822e-01 1.017558336257934570e+00 2.803763747215270996e-01 -1.699422150850296021e-01
2.079653143882751465e-01 4.290446639060974121e-03 -1.244035243988037109e+00 3.212514221668243408e-01
-1.805564880371093750e+00 -1.884152442216873169e-01 -1.433787584304809570e+00 -2.270077615976333618e-01
-8.350723981857299805e-02 1.348461866378784180e+00 6.200453639030456543e-01 -4.092316925525665283e-01
9.110023379325866699e-01 5.398093461990356445e-01 1.188958287239074707e-01 9.757078438997268677e-02
4.869941473007202148e-01 2.368482798337936401e-01 -7.674969434738159180e-01 2.610943019390106201e-01
-1.368149757385253906e+00 8.300499618053436279e-02 -3.135786652565002441e-01 -4.736528098583221436e-01
3.042908310890197754e-01 1.156100988388061523e+00 1.749581694602966309e-01 -1.162960007786750793e-01
-1.187788248062133789e+00 -2.029807418584823608e-01 -2.817311882972717285e-01 -4.179956912994384766e-01
-1.727822542190551758e+00 7.549617886543273926e-01 -1.154805421829223633e+00 -3.424740731716156006e-01
-1.288448333740234375e+00 -9.059524536132812500e-01 -1.462547063827514648e+00 -2.274753153324127197e-02
-1.085415124893188477e+00 -8.731025457382202148e-01 -1.380675554275512695e+00 9.739444591104984283e-03
6.576474905014038086e-01 1.653872609138488770e+00 7.026541829109191895e-01 -1.963376551866531372e-01
9.906346201896667480e-01 -1.747240900993347168e+00 -1.048074722290039062e+00 5.687380433082580566e-01
7.546378970146179199e-01 4.332413673400878906e-01 1.796022057533264160e-01 2.584211900830268860e-02
1.034855246543884277e-01 9.174953103065490723e-01 2.494016289710998535e-01 -2.216561883687973022e-01
-3.971682786941528320e-01 -1.744078755378723145e+00 -1.525051832199096680e+00 3.192435801029205322e-01
-1.106361150741577148e+00 -3.978279829025268555e-01 -5.567228794097900391e-01 -3.022827804088592529e-01
1.031739473342895508e+00 -2.308229684829711914e+00 -1.400389432907104492e+00 7.354601621627807617e-01
-1.193685054779052734e+00 -1.883256286382675171e-01 -4.286988377571105957e-01 -3.732104003429412842e-01
-1.785340309143066406e+00 1.276290893554687500e+00 -1.810729205608367920e-01 -6.711313724517822266e-01
-2.181300401687622070e+00 1.301647782325744629e+00 -9.297246932983398438e-01 -5.665002465248107910e-01
-1.873650789260864258e+00 1.709356069564819336e+00 6.003004312515258789e-02 -7.780256271362304688e-01
-8.240860104560852051e-01 -1.298200607299804688e+00 -1.669025897979736328e+00 2.177263051271438599e-01
-8.591204881668090820e-02 9.009317308664321899e-02 -1.224253177642822266e+00 2.358109205961227417e-01
-1.268340826034545898e+00 -9.388340711593627930e-01 -1.554185152053833008e+00 9.442561306059360504e-03
4.480772018432617188e-01 1.796946376562118530e-01 -2.006840407848358154e-01 6.737086921930313110e-02
3.162443637847900391e-01 3.014119863510131836e-01 -1.066689014434814453e+00 3.068854510784149170e-01
1.210359573364257812e+00 -2.058889389038085938e+00 -1.362514019012451172e+00 7.676776647567749023e-01
-1.801213502883911133e+00 1.840654015541076660e+00 2.033801674842834473e-01 -8.061645030975341797e-01
1.090899467468261719e+00 -2.325780391693115234e+00 -1.547497987747192383e+00 8.125013709068298340e-01
-4.580441415309906006e-01 -1.057394742965698242e+00 -7.558377981185913086e-01 -7.508798502385616302e-03
-1.900256395339965820e+00 -7.835821807384490967e-02 -1.263486146926879883e+00 -3.158755004405975342e-01
-7.660501599311828613e-01 -1.324513554573059082e+00 -1.610138177871704102e+00 2.129852771759033203e-01
-1.671136140823364258e+00 1.779419302940368652e+00 1.831691265106201172e-01 -7.636158466339111328e-01
1.087574720382690430e+00 -1.687802672386169434e+00 -1.237246036529541016e+00 6.782377958297729492e-01
-1.838356494903564453e+00 1.404168963432312012e+00 -1.657843887805938721e-01 -6.971266865730285645e-01
-1.059742689132690430e+00 -2.369612604379653931e-01 -1.680608987808227539e-01 -4.266883134841918945e-01
-7.245591878890991211e-01 -7.950844168663024902e-01 -5.872182250022888184e-01 -1.604647934436798096e-01
-1.099765539169311523e+00 -1.254759430885314941e+00 -1.584747910499572754e+00 8.923877775669097900e-02
1.811388432979583740e-01 5.454112887382507324e-01 -2.149581909179687500e-03 -1.007394120097160339e-01
-7.647934556007385254e-02 2.420356571674346924e-01 -1.104292154312133789e+00 1.886199712753295898e-01
4.115217924118041992e-02 7.986429929733276367e-01 -8.632749915122985840e-01 1.125948950648307800e-01
-7.668237686157226562e-01 -9.911183118820190430e-01 -1.729776144027709961e+00 2.580102086067199707e-01
-1.719650983810424805e+00 1.643326997756958008e+00 -5.217957496643066406e-02 -7.048788666725158691e-01
-2.952128648757934570e-02 6.434147059917449951e-02 -1.307274103164672852e+00 2.947016656398773193e-01
2.795358002185821533e-01 3.768659234046936035e-01 -1.194431662559509277e+00 3.164948225021362305e-01
5.031949877738952637e-01 9.481879472732543945e-01 1.609333753585815430e-01 -6.105498969554901123e-02
-7.446908950805664062e-02 8.998259305953979492e-01 2.034062147140502930e-01 -2.609732449054718018e-01
-1.922506809234619141e+00 9.978199005126953125e-01 -1.189611673355102539e+00 -3.965287804603576660e-01
8.208087086677551270e-01 -2.048957347869873047e+00 -1.388753890991210938e+00 6.607057452201843262e-01
6.326123476028442383e-01 -1.331406593322753906e+00 -5.422759056091308594e-01 2.958108782768249512e-01
-6.259104609489440918e-02 1.084076523780822754e+00 3.165108561515808105e-01 -2.877232432365417480e-01
-1.050922155380249023e+00 -1.561000496149063110e-01 -1.351022124290466309e-01 -4.305475056171417236e-01
-1.752475023269653320e+00 1.380971074104309082e+00 -9.749889373779296875e-02 -6.864255070686340332e-01
-2.212926626205444336e+00 1.068881869316101074e+00 -1.009496212005615234e+00 -5.510620474815368652e-01
-2.026488542556762695e+00 8.272627592086791992e-01 -1.112887501716613770e+00 -4.323538839817047119e-01
7.375207543373107910e-01 1.689026653766632080e-01 -3.142541348934173584e-01 1.791895776987075806e-01
9.962707161903381348e-01 -1.500021576881408691e+00 -3.989292383193969727e-01 3.620105385780334473e-01
8.882345557212829590e-01 -1.137268424034118652e+00 -3.349520564079284668e-01 3.021435439586639404e-01
3.112750649452209473e-01 -2.765482664108276367e-01 -1.242121219635009766e+00 3.843620717525482178e-01
-7.167001366615295410e-01 -1.062608480453491211e+00 -7.343345880508422852e-01 -1.068172827363014221e-01
1.172695636749267578e+00 -2.212744712829589844e+00 -1.459019660949707031e+00 8.015442490577697754e-01
-1.627455711364746094e+00 1.445478320121765137e+00 5.265349149703979492e-02 -6.905294060707092285e-01
9.937091469764709473e-01 -1.232842564582824707e+00 -1.442381143569946289e-01 2.693512439727783203e-01
7.965723872184753418e-01 -1.901116967201232910e+00 -1.450829744338989258e+00 6.673676371574401855e-01
-2.020591497421264648e+00 1.161869525909423828e+00 -9.676499366760253906e-01 -5.010924935340881348e-01
-2.108818292617797852e+00 1.012345194816589355e+00 -1.168675422668457031e+00 -4.500170052051544189e-01
1.330689668655395508e+00 -1.969925284385681152e+00 -6.124993562698364258e-01 5.664677619934082031e-01
1.686486005783081055e+00 -2.394077062606811523e+00 -9.847909212112426758e-01 7.960004210472106934e-01
-9.724017977714538574e-01 -1.078156232833862305e+00 -1.611526489257812500e+00 1.482166796922683716e-01
-1.065179586410522461e+00 -2.925320267677307129e-01 -3.258358240127563477e-01 -3.704962432384490967e-01
6.987296938896179199e-01 -1.298724532127380371e+00 -3.979808390140533447e-01 2.515372633934020996e-01
1.104083538055419922e+00 -2.257316589355468750e+00 -1.557253718376159668e+00 8.047220706939697266e-01
-1.958992481231689453e+00 8.262865543365478516e-01 -1.217476367950439453e+00 -3.938369154930114746e-01
-1.853391170501708984e+00 1.547221779823303223e+00 2.325028181076049805e-02 -7.602624297142028809e-01
-1.977276086807250977e+00 1.418130874633789062e+00 -1.253855824470520020e-01 -7.363010644912719727e-01
-1.849563837051391602e+00 1.109235644340515137e+00 -9.432260990142822266e-01 -4.513708055019378662e-01
-1.591193675994873047e+00 -4.346711039543151855e-01 -1.399972915649414062e+00 -1.565477997064590454e-01
3.470930457115173340e-01 4.816741347312927246e-01 -9.633371829986572266e-01 2.791213989257812500e-01
8.218697905540466309e-01 -1.950891613960266113e+00 -1.503067016601562500e+00 6.813897490501403809e-01
-1.107275009155273438e+00 -1.113566279411315918e+00 -1.538607716560363770e+00 7.154405862092971802e-02
2.536503076553344727e-01 1.027278184890747070e+00 4.945288300514221191e-01 -2.482170909643173218e-01
9.902020096778869629e-01 -2.397984027862548828e+00 -1.573787689208984375e+00 7.754318714141845703e-01
-2.322343587875366211e+00 1.217999458312988281e+00 -9.636765718460083008e-01 -5.960636734962463379e-01
7.807816863059997559e-01 -1.617894768714904785e+00 -1.404611587524414062e+00 6.307297945022583008e-01
-9.048675298690795898e-01 -1.163729786872863770e+00 -1.643692731857299805e+00 1.702622473239898682e-01
-1.664936065673828125e+00 1.191012382507324219e+00 -9.468094110488891602e-01 -4.106783866882324219e-01
-6.033759713172912598e-01 -1.598888039588928223e+00 -1.731302261352539062e+00 3.225883245468139648e-01
-6.283576488494873047e-01 -6.382454037666320801e-01 -3.897136449813842773e-01 -1.895065456628799438e-01
-7.700131535530090332e-01 -1.379892826080322266e+00 -1.734724044799804688e+00 2.521435320377349854e-01
-9.409145116806030273e-01 -9.007941484451293945e-01 -1.419467687606811523e+00 7.950575649738311768e-02
2.859588265419006348e-01 2.558037638664245605e-01 -8.226904869079589844e-01 2.223862409591674805e-01
1.720064878463745117e+00 -1.869914889335632324e+00 -4.441712498664855957e-01 6.185497641563415527e-01
-6.554098129272460938e-01 -8.020807504653930664e-01 -6.384364366531372070e-01 -1.244211420416831970e-01
-2.181178808212280273e+00 9.624234437942504883e-01 -9.916103482246398926e-01 -5.314574837684631348e-01
-1.735261678695678711e+00 1.223906874656677246e+00 -9.656672477722167969e-01 -4.202826619148254395e-01
-1.970973491668701172e+00 1.630182623863220215e+00 -3.790694475173950195e-02 -7.809520363807678223e-01
-1.451701641082763672e+00 1.420292854309082031e+00 3.552436828613281250e-03 -6.223881840705871582e-01
6.226235628128051758e-02 1.428633570671081543e+00 6.587850451469421387e-01 -3.657927215099334717e-01
2.411940097808837891e-01 1.233012974262237549e-01 -1.165309548377990723e+00 3.079079389572143555e-01
9.805344939231872559e-01 -7.654570341110229492e-01 -1.853535771369934082e-01 2.740356624126434326e-01
1.325567483901977539e+00 -1.612178921699523926e+00 -7.131145000457763672e-01 5.709382295608520508e-01
-5.337058305740356445e-01 -1.334730505943298340e+00 -7.129100561141967773e-01 -5.355942994356155396e-02
-2.169965744018554688e+00 9.131182432174682617e-01 -1.024373054504394531e+00 -5.128887891769409180e-01
-1.296519994735717773e+00 -5.826649069786071777e-01 -1.255540132522583008e+00 -1.069551408290863037e-01
-1.468456268310546875e+00 1.758975148200988770e+00 1.188740134239196777e-01 -6.834747791290283203e-01
-5.644706487655639648e-01 -1.780878901481628418e+00 -1.799793720245361328e+00 3.597288429737091064e-01
-1.825623035430908203e+00 6.862441301345825195e-01 -1.221863508224487305e+00 -3.508319854736328125e-01
-1.853755474090576172e+00 1.192780852317810059e+00 -1.115727782249450684e+00 -4.080577492713928223e-01
7.667835354804992676e-01 -1.219210624694824219e+00 -4.237733483314514160e-01 2.901682555675506592e-01
-1.914800167083740234e+00 1.499105334281921387e+00 1.126112341880798340e-01 -8.077427148818969727e-01
1.419270277023315430e+00 -2.067316055297851562e+00 -7.829761505126953125e-01 6.579966545104980469e-01
-1.666092634201049805e+00 1.639968037605285645e+00 1.837487816810607910e-01 -7.537347078323364258e-01
-1.550927639007568359e+00 1.659726500511169434e+00 3.754420876502990723e-01 -7.694397568702697754e-01
-1.318996191024780273e+00 -5.411116778850555420e-02 -3.322291970252990723e-01 -4.495838582515716553e-01
8.397982716560363770e-01 -1.953616261482238770e+00 -1.588615417480468750e+00 7.452189922332763672e-01
8.794633746147155762e-01 -2.159263372421264648e+00 -1.332719564437866211e+00 6.666505336761474609e-01
9.001590609550476074e-01 -1.131343007087707520e+00 -4.130738973617553711e-01 3.347038924694061279e-01
4.193505644798278809e-01 -3.373374938964843750e-01 -1.243958711624145508e+00 4.146260023117065430e-01
7.154387831687927246e-01 -1.274987697601318359e+00 -5.409006476402282715e-01 3.082069158554077148e-01
8.367308974266052246e-01 2.225284874439239502e-01 -2.804974317550659180e-01 2.210270166397094727e-01
-2.110405683517456055e+00 1.732527494430541992e+00 1.711070537567138672e-03 -8.360136747360229492e-01
-1.711094141006469727e+00 -3.655115365982055664e-01 -1.440427064895629883e+00 -1.819049268960952759e-01
9.833472371101379395e-01 5.493972897529602051e-01 1.485664844512939453e-01 1.200898960232734680e-01
-9.944496154785156250e-01 -5.868068337440490723e-01 -3.308431506156921387e-01 -3.430725634098052979e-01
-1.600064754486083984e+00 1.681309103965759277e+00 1.280263066291809082e-01 -7.093718051910400391e-01
-1.056257367134094238e+00 -1.355342417955398560e-01 -2.234959602355957031e-01 -4.066719412803649902e-01
-2.000623464584350586e+00 9.091011285781860352e-01 -1.049885869026184082e+00 -4.559536278247833252e-01
-1.997419834136962891e+00 1.254235148429870605e+00 -1.018312573432922363e+00 -4.824759960174560547e-01
-1.968604326248168945e+00 1.095128297805786133e+00 -9.420151710510253906e-01 -4.877250492572784424e-01
7.360033392906188965e-01 -2.086175203323364258e+00 -1.524573087692260742e+00 6.725469827651977539e-01
-1.242477893829345703e+00 -9.142310619354248047e-01 -1.380524635314941406e+00 -4.252623766660690308e-02
-1.566550016403198242e+00 1.457270026206970215e+00 5.715423822402954102e-02 -6.835085749626159668e-01
-5.744864344596862793e-01 -1.444542050361633301e+00 -1.619769334793090820e+00 2.859361469745635986e-01
-1.511633872985839844e+00 1.593908190727233887e+00 2.616099715232849121e-01 -7.150244712829589844e-01
9.440185427665710449e-01 -1.603003263473510742e+00 -5.966339111328125000e-01 4.060005247592926025e-01
-1.514254212379455566e-01 5.547137856483459473e-01 -1.237113714218139648e+00 1.820676922798156738e-01
1.507621049880981445e+00 -2.303746223449707031e+00 -1.388149976730346680e+00 8.810091018676757812e-01
-4.844160676002502441e-01 -1.088569402694702148e+00 -6.652885079383850098e-01 -4.126281291246414185e-02
-9.962431788444519043e-01 -9.133813381195068359e-01 -1.511858105659484863e+00 8.893135935068130493e-02
1.378250598907470703e+00 -1.728833317756652832e+00 -5.205025672912597656e-01 5.380975008010864258e-01
4.659512639045715332e-01 -1.618181824684143066e+00 -1.465176224708557129e+00 5.485948324203491211e-01
1.209462642669677734e+00 -2.308297157287597656e+00 -1.563058614730834961e+00 8.364522457122802734e-01
1.526722908020019531e+00 -1.816597819328308105e+00 -7.870084047317504883e-01 6.687591075897216797e-01
3.436490893363952637e-01 1.115477800369262695e+00 5.643025040626525879e-01 -2.525664865970611572e-01
8.645547032356262207e-01 -9.943960905075073242e-01 -3.598123788833618164e-01 2.875133156776428223e-01
-2.050775766372680664e+00 1.404080986976623535e+00 -2.173228263854980469e-01 -7.464572787284851074e-01
-1.835472822189331055e+00 1.571412444114685059e+00 -1.775169372558593750e-02 -7.452859878540039062e-01
-2.036718606948852539e+00 1.588222384452819824e+00 -1.000869274139404297e-01 -7.786388397216796875e-01
-1.374614953994750977e+00 -6.672571301460266113e-01 -1.443148493766784668e+00 -5.887672305107116699e-02
-2.083632707595825195e+00 1.058658123016357422e+00 -1.163210153579711914e+00 -4.538461863994598389e-01
5.219622850418090820e-01 -1.397936940193176270e+00 -6.375857591629028320e-01 2.732070386409759521e-01
2.183817028999328613e-01 8.672966957092285156e-01 3.100994825363159180e-01 -1.915307492017745972e-01
